2019-09-09  3:25:19 0 [Note] InnoDB: Mutexes and rw_locks use Windows interlocked functions
2019-09-09  3:25:19 0 [Note] InnoDB: Uses event mutexes
2019-09-09  3:25:19 0 [Note] InnoDB: Compressed tables use zlib 1.2.3
2019-09-09  3:25:19 0 [Note] InnoDB: Number of pools: 1
2019-09-09  3:25:19 0 [Note] InnoDB: Using SSE2 crc32 instructions
2019-09-09  3:25:19 0 [Note] InnoDB: Initializing buffer pool, total size = 64M, instances = 1, chunk size = 64M
2019-09-09  3:25:19 0 [Note] InnoDB: Completed initialization of buffer pool
2019-09-09  3:25:20 0 [Note] InnoDB: 128 out of 128 rollback segments are active.
2019-09-09  3:25:20 0 [Note] InnoDB: Creating shared tablespace for temporary tables
2019-09-09  3:25:20 0 [Note] InnoDB: Setting file '.\ibtmp1' size to 12 MB. Physically writing the file full; Please wait ...
2019-09-09  3:25:20 0 [Note] InnoDB: File '.\ibtmp1' size is now 12 MB.
2019-09-09  3:25:20 0 [Note] InnoDB: Waiting for purge to start
2019-09-09  3:25:20 0 [Note] InnoDB: 10.3.8 started; log sequence number 1631262; transaction id 21
2019-09-09  3:25:20 0 [Note] InnoDB: Loading buffer pool(s) from F:\JFwowCore\UPUPW_AP7.2_64\MariaDB\data\ib_buffer_pool
2019-09-09  3:25:20 0 [Note] InnoDB: Buffer pool(s) load completed at 190909  3:25:20
2019-09-09  3:25:20 0 [Note] Plugin 'FEEDBACK' is disabled.
2019-09-09  3:25:20 0 [Note] Server socket created on IP: '::'.
2019-09-09  3:25:20 0 [Note] F:\JFwowCore\UPUPW_AP7.2_64\MariaDB\bin\mysqld.exe: ready for connections.
Version: '10.3.8-MariaDB'  socket: ''  port: 3306  mariadb.org binary distribution
2019-09-09 20:02:29 0 [Note] F:\JFwowCore\UPUPW_AP7.2_64\MariaDB\bin\mysqld.exe (initiated by: unknown): Normal shutdown
2019-09-09 20:02:29 0 [Note] InnoDB: FTS optimize thread exiting.
2019-09-09 20:02:29 0 [Note] Event Scheduler: Purging the queue. 0 events
2019-09-09 20:02:29 0 [Note] InnoDB: Starting shutdown...
2019-09-09 20:02:29 0 [Note] InnoDB: Dumping buffer pool(s) to F:\JFwowCore\UPUPW_AP7.2_64\MariaDB\data\ib_buffer_pool
2019-09-09 20:02:29 0 [Note] InnoDB: Instance 0, restricted to 1024 pages due to innodb_buf_pool_dump_pct=25
2019-09-09 20:02:29 0 [Note] InnoDB: Buffer pool(s) dump completed at 190909 20:02:29
2019-09-09 20:02:30 0 [Note] InnoDB: Shutdown completed; log sequence number 8200328; transaction id 2080
2019-09-09 20:02:30 0 [Note] InnoDB: Removed temporary tablespace data file: "ibtmp1"
2019-09-09 20:02:30 0 [Note] F:\JFwowCore\UPUPW_AP7.2_64\MariaDB\bin\mysqld.exe: Shutdown complete

2019-09-09 20:03:26 0 [Note] InnoDB: Mutexes and rw_locks use Windows interlocked functions
2019-09-09 20:03:26 0 [Note] InnoDB: Uses event mutexes
2019-09-09 20:03:26 0 [Note] InnoDB: Compressed tables use zlib 1.2.3
2019-09-09 20:03:26 0 [Note] InnoDB: Number of pools: 1
2019-09-09 20:03:26 0 [Note] InnoDB: Using SSE2 crc32 instructions
2019-09-09 20:03:26 0 [Note] InnoDB: Initializing buffer pool, total size = 64M, instances = 1, chunk size = 64M
2019-09-09 20:03:26 0 [Note] InnoDB: Completed initialization of buffer pool
2019-09-09 20:03:27 0 [Note] InnoDB: 128 out of 128 rollback segments are active.
2019-09-09 20:03:27 0 [Note] InnoDB: Creating shared tablespace for temporary tables
2019-09-09 20:03:27 0 [Note] InnoDB: Setting file '.\ibtmp1' size to 12 MB. Physically writing the file full; Please wait ...
2019-09-09 20:03:27 0 [Note] InnoDB: File '.\ibtmp1' size is now 12 MB.
2019-09-09 20:03:27 0 [Note] InnoDB: Waiting for purge to start
2019-09-09 20:03:27 0 [Note] InnoDB: 10.3.8 started; log sequence number 8200328; transaction id 2082
2019-09-09 20:03:27 0 [Note] InnoDB: Loading buffer pool(s) from F:\JFwowCore\UPUPW_AP7.2_64\MariaDB\data\ib_buffer_pool
2019-09-09 20:03:27 0 [Note] Plugin 'FEEDBACK' is disabled.
2019-09-09 20:03:27 0 [Note] Server socket created on IP: '::'.
2019-09-09 20:03:27 0 [Note] F:\JFwowCore\UPUPW_AP7.2_64\MariaDB\bin\mysqld.exe: ready for connections.
Version: '10.3.8-MariaDB'  socket: ''  port: 3306  mariadb.org binary distribution
2019-09-09 20:03:29 0 [Note] InnoDB: Buffer pool(s) load completed at 190909 20:03:29
2019-09-10  0:32:26 0 [Note] F:\JFwowCore\UPUPW_AP7.2_64\MariaDB\bin\mysqld.exe (initiated by: unknown): Normal shutdown
2019-09-10  0:32:26 0 [Note] Event Scheduler: Purging the queue. 0 events
2019-09-10  0:32:26 0 [Note] InnoDB: FTS optimize thread exiting.
2019-09-10  0:32:27 0 [Note] InnoDB: Starting shutdown...
2019-09-10  0:32:27 0 [Note] InnoDB: Dumping buffer pool(s) to F:\JFwowCore\UPUPW_AP7.2_64\MariaDB\data\ib_buffer_pool
2019-09-10  0:32:27 0 [Note] InnoDB: Instance 0, restricted to 1024 pages due to innodb_buf_pool_dump_pct=25
2019-09-10  0:32:27 0 [Note] InnoDB: Buffer pool(s) dump completed at 190910  0:32:27
2019-09-10  0:32:28 0 [Note] InnoDB: Shutdown completed; log sequence number 8200337; transaction id 2103
2019-09-10  0:32:28 0 [Note] InnoDB: Removed temporary tablespace data file: "ibtmp1"
2019-09-10  0:32:28 0 [Note] F:\JFwowCore\UPUPW_AP7.2_64\MariaDB\bin\mysqld.exe: Shutdown complete

